<?xml version='1.0' encoding='UTF-8'?>
<testsuite hostname="789f707a3940" name="funsets.FunSetSuite" tests="22" errors="0" failures="0" time="0.028">
                     <properties>
[...]
</properties>
                     <testcase classname="funsets.FunSetSuite" name="string take" time="0.009">
                                                 
                                               </testcase><testcase classname="funsets.FunSetSuite" name="adding ints" time="0.002">
                                                 
                                               </testcase><testcase classname="funsets.FunSetSuite" name="contains is implemented" time="0.001">
                                                 
                                               </testcase><testcase classname="funsets.FunSetSuite" name="singletonSet(1) contains 1" time="0.001">
                                                 
                                               </testcase><testcase classname="funsets.FunSetSuite" name="singletonSet(1) does not contain 2" time="0.001">
                                                 
                                               </testcase><testcase classname="funsets.FunSetSuite" name="singletonSet(3) contains 3" time="0.001">
                                                 
                                               </testcase><testcase classname="funsets.FunSetSuite" name="singletonSet(3) does not contain 2" time="0.0">
                                                 
                                               </testcase><testcase classname="funsets.FunSetSuite" name="union contains all elements" time="0.002">
                                                 
                                               </testcase><testcase classname="funsets.FunSetSuite" name="intersect contains the elements on both sets" time="0.0">
                                                 
                                               </testcase><testcase classname="funsets.FunSetSuite" name="intersect contains the element on any set and the union of that set with any other set" time="0.0">
                                                 
                                               </testcase><testcase classname="funsets.FunSetSuite" name="diff contains the elements on set s1 but not on s2" time="0.001">
                                                 
                                               </testcase><testcase classname="funsets.FunSetSuite" name="diff is empty for a set and a union of that set with any other set" time="0.0">
                                                 
                                               </testcase><testcase classname="funsets.FunSetSuite" name="filter from set with element 1 the elements that are not greater than one" time="0.001">
                                                 
                                               </testcase><testcase classname="funsets.FunSetSuite" name="filter from set with element 3 the elements that are not greater than one" time="0.001">
                                                 
                                               </testcase><testcase classname="funsets.FunSetSuite" name="forall positive numbers" time="0.001">
                                                 
                                               </testcase><testcase classname="funsets.FunSetSuite" name="forall not all numbers bigger than 1" time="0.001">
                                                 
                                               </testcase><testcase classname="funsets.FunSetSuite" name="forall upper limit" time="0.001">
                                                 
                                               </testcase><testcase classname="funsets.FunSetSuite" name="forall for empty set" time="0.001">
                                                 
                                               </testcase><testcase classname="funsets.FunSetSuite" name="exists for empty set" time="0.001">
                                                 
                                               </testcase><testcase classname="funsets.FunSetSuite" name="exists at least a number greater than 1" time="0.001">
                                                 
                                               </testcase><testcase classname="funsets.FunSetSuite" name="map multiplying by 3" time="0.001">
                                                 
                                               </testcase><testcase classname="funsets.FunSetSuite" name="map substracting 2 to set with several elements" time="0.001">
                                                 
                                               </testcase>
                     <system-out></system-out>
                     <system-err></system-err>
                   </testsuite>